<?xml version="1.0" encoding="UTF-8"?>
<!-- Generated by org.testng.reporters.JUnitXMLReporter -->
<testsuite ignored="0" hostname="Asus" failures="0" tests="3" name="Default test" time="108.213" errors="0" timestamp="2024-10-25T16:12:46 IST">
  <testcase classname="Tests.CountWorldPopulation" name="getCurrentWorldPupulation" time="10.579"/>
  <testcase classname="Tests.CountWorldPopulation" name="getTodaysPopoulation" time="31.263"/>
  <testcase classname="Tests.CountWorldPopulation" name="getThisYearsPopulation" time="31.23"/>
</testsuite> <!-- Default test -->
